<?xml version="1.0" encoding="UTF-8"?>
<!-- Generated by org.testng.reporters.JUnitXMLReporter -->
<testsuite ignored="2" hostname="DESKTOP-KHD4INJ" failures="0" tests="1" name="Default test" time="18.41" errors="0" timestamp="2022-11-14T11:26:05 BDT">
  <testcase classname="testCasePakage.tc001" name="locatorlearn" time="18.334"/>
  <testcase classname="driverPackage.BaseDriver" name="@AfterSuite teardown" time="0.0">
    <ignored/>
  </testcase> <!-- @AfterSuite teardown -->
  <testcase classname="driverPackage.BaseDriver" name="@BeforeSuite setup" time="0.0">
    <ignored/>
  </testcase> <!-- @BeforeSuite setup -->
</testsuite> <!-- Default test -->
